<?xml version="1.0" encoding="UTF-8"?>
<testng-results ignored="0" total="1" passed="1" failed="0" skipped="0">
  <reporter-output>
  </reporter-output>
  <suite started-at="2026-02-04T19:06:34 IST" name="Default suite" finished-at="2026-02-04T19:06:36 IST" duration-ms="1467">
    <groups>
    </groups>
    <test started-at="2026-02-04T19:06:34 IST" name="Default test" finished-at="2026-02-04T19:06:36 IST" duration-ms="1467">
      <class name="com.qa.rest.tests.GetCallBDD">
        <test-method signature="test1()[pri:0, instance:com.qa.rest.tests.GetCallBDD@49ec71f8]" started-at="2026-02-04T19:06:34 IST" name="test1" finished-at="2026-02-04T19:06:36 IST" duration-ms="1430" status="PASS">
          <reporter-output>
          </reporter-output>
        </test-method> <!-- test1 -->
      </class> <!-- com.qa.rest.tests.GetCallBDD -->
    </test> <!-- Default test -->
  </suite> <!-- Default suite -->
</testng-results>
